<?xml version="1.0" encoding="UTF-8"?>
<!-- Generated by org.testng.reporters.JUnitXMLReporter -->
<testsuite hostname="DESKTOP-81ARGGN" ignored="1" name="Login Test" tests="1" failures="0" timestamp="2021-03-10T12:20:45 IST" time="11.574" errors="0">
  <testcase name="invalidCredentialTest" time="1.882" classname="com.citi.test.LoginTest"/>
  <testcase name="validCredentialTest" time="0.0" classname="com.citi.test.LoginTest">
    <ignored/>
  </testcase> <!-- validCredentialTest -->
</testsuite> <!-- Login Test -->
