<?xml version="1.0" encoding="UTF-8"?>
<testng-results skipped="0" failed="0" ignored="1" total="2" passed="1">
  <reporter-output>
  </reporter-output>
  <suite name="OpenEMR Suite" duration-ms="11574" started-at="2021-03-10T12:20:34 IST" finished-at="2021-03-10T12:20:45 IST">
    <groups>
    </groups>
    <test name="Login Test" duration-ms="11574" started-at="2021-03-10T12:20:34 IST" finished-at="2021-03-10T12:20:45 IST">
      <class name="com.citi.test.LoginTest">
        <test-method status="PASS" signature="setUp(java.lang.String,java.lang.String)[pri:0, instance:com.citi.test.LoginTest@67205a84]" name="setUp" is-config="true" duration-ms="7595" started-at="2021-03-10T12:20:35 IST" finished-at="2021-03-10T12:20:43 IST">
          <params>
            <param index="0">
              <value>
                <![CDATA[ch]]>
              </value>
            </param>
            <param index="1">
              <value>
                <![CDATA[https://demo.openemr.io/b/openemr/index.php]]>
              </value>
            </param>
          </params>
          <reporter-output>
          </reporter-output>
        </test-method> <!-- setUp -->
        <test-method status="PASS" signature="invalidCredentialTest(java.lang.String,java.lang.String,java.lang.String,java.lang.String)[pri:0, instance:com.citi.test.LoginTest@67205a84]" name="invalidCredentialTest" duration-ms="1882" started-at="2021-03-10T12:20:43 IST" data-provider="invalidCredentialData" finished-at="2021-03-10T12:20:44 IST">
          <params>
            <param index="0">
              <value>
                <![CDATA[admin12]]>
              </value>
            </param>
            <param index="1">
              <value>
                <![CDATA[pass]]>
              </value>
            </param>
            <param index="2">
              <value>
                <![CDATA[English (Indian)]]>
              </value>
            </param>
            <param index="3">
              <value>
                <![CDATA[Invalid username or password]]>
              </value>
            </param>
          </params>
          <reporter-output>
          </reporter-output>
        </test-method> <!-- invalidCredentialTest -->
        <test-method status="PASS" signature="tearDown()[pri:0, instance:com.citi.test.LoginTest@67205a84]" name="tearDown" is-config="true" duration-ms="817" started-at="2021-03-10T12:20:44 IST" finished-at="2021-03-10T12:20:45 IST">
          <reporter-output>
          </reporter-output>
        </test-method> <!-- tearDown -->
      </class> <!-- com.citi.test.LoginTest -->
    </test> <!-- Login Test -->
  </suite> <!-- OpenEMR Suite -->
</testng-results>
